<?xml version="1.0" encoding="UTF-8"?>
<!-- Generated by org.testng.reporters.JUnitXMLReporter -->
<testsuite hostname="LT012489" name="Test" tests="2" failures="1" timestamp="6 May 2013 09:52:51 GMT" time="124.382" errors="0">
  <testcase name="runTC1" time="120.272" classname="testscripts.scenario1.TC1"/>
  <testcase name="runTC4" time="124.272" classname="testscripts.scenario2.TC4">
    <failure type="java.lang.AssertionError" message="Unable to locate element: {&amp;quot;method&amp;quot;:&amp;quot;name&amp;quot;,&amp;quot;selector&amp;quot;:&amp;quot;reserveFlights&amp;quot;}
Command duration or timeout: 3.53 seconds
For documentation on this error, please visit: http://seleniumhq.org/exceptions/no_such_element.html
Build info: version: &amp;apos;2.32.0&amp;apos;, revision: &amp;apos;6c40c18&amp;apos;, time: &amp;apos;2013-04-09 17:22:56&amp;apos;
System info: os.name: &amp;apos;Windows 7&amp;apos;, os.arch: &amp;apos;x86&amp;apos;, os.version: &amp;apos;6.1&amp;apos;, java.version: &amp;apos;1.6.0_37&amp;apos;
Session ID: 14bfba03-234e-4616-b442-6791bf52d32b
Driver info: org.openqa.selenium.firefox.FirefoxDriver
Capabilities [{platform=XP, acceptSslCerts=true, javascriptEnabled=true, browserName=firefox, rotatable=false, locationContextEnabled=true, version=20.0.1, cssSelectorsEnabled=true, databaseEnabled=true, handlesAlerts=true, browserConnectionEnabled=true, nativeEvents=true, webStorageEnabled=true, applicationCacheEnabled=true, takesScreenshot=true}] &amp;lt;b&amp;gt;Caused by: &amp;lt;/b&amp;gt;org.openqa.selenium.remote.ErrorHandler$UnknownServerException: Unable to locate element: {&amp;quot;method&amp;quot;:&amp;quot;name&amp;quot;,&amp;quot;selector&amp;quot;:&amp;quot;reserveFlights&amp;quot;}
Build info: version: &amp;apos;2.32.0&amp;apos;, revision: &amp;apos;6c40c18&amp;apos;, time: &amp;apos;2013-04-09 17:22:56&amp;apos;
System info: os.name: &amp;apos;Windows 7&amp;apos;, os.arch: &amp;apos;x86&amp;apos;, os.version: &amp;apos;6.1&amp;apos;, java.version: &amp;apos;1.6.0_37&amp;apos;
Driver info: driver.version: unknown">
      <![CDATA[java.lang.AssertionError: Unable to locate element: {"method":"name","selector":"reserveFlights"}
Command duration or timeout: 3.53 seconds
For documentation on this error, please visit: http://seleniumhq.org/exceptions/no_such_element.html
Build info: version: '2.32.0', revision: '6c40c18', time: '2013-04-09 17:22:56'
System info: os.name: 'Windows 7', os.arch: 'x86', os.version: '6.1', java.version: '1.6.0_37'
Session ID: 14bfba03-234e-4616-b442-6791bf52d32b
Driver info: org.openqa.selenium.firefox.FirefoxDriver
Capabilities [{platform=XP, acceptSslCerts=true, javascriptEnabled=true, browserName=firefox, rotatable=false, locationContextEnabled=true, version=20.0.1, cssSelectorsEnabled=true, databaseEnabled=true, handlesAlerts=true, browserConnectionEnabled=true, nativeEvents=true, webStorageEnabled=true, applicationCacheEnabled=true, takesScreenshot=true}] <b>Caused by: </b>org.openqa.selenium.remote.ErrorHandler$UnknownServerException: Unable to locate element: {"method":"name","selector":"reserveFlights"}
Build info: version: '2.32.0', revision: '6c40c18', time: '2013-04-09 17:22:56'
System info: os.name: 'Windows 7', os.arch: 'x86', os.version: '6.1', java.version: '1.6.0_37'
Driver info: driver.version: unknown
	at supportlibraries.DriverScript.wrapUp(DriverScript.java:549)
	at supportlibraries.DriverScript.driveTestExecution(DriverScript.java:100)
	at testscripts.scenario2.TC4.runTC4(TC4.java:25)
	at java.util.concurrent.ThreadPoolExecutor$Worker.runTask(Unknown Source)
	at java.util.concurrent.ThreadPoolExecutor$Worker.run(Unknown Source)
	at java.lang.Thread.run(Unknown Source)
... Removed 11 stack frames]]>
    </failure>
  </testcase> <!-- runTC4 -->
</testsuite> <!-- Test -->
