<?xml version="1.0" encoding="UTF-8"?>
<!-- Generated by org.testng.reporters.JUnitReportReporter -->
<testsuite hostname="LT012489" name="testscripts.scenario2.TC4" tests="1" failures="0" timestamp="6 May 2013 09:52:51 GMT" time="124.322" errors="1">
  <testcase name="runTC4" time="124.322" classname="testscripts.scenario2.TC4">
    <error type="java.lang.AssertionError" message="Unable to locate element: {&quot;method&quot;:&quot;name&quot;,&quot;selector&quot;:&quot;reserveFlights&quot;}
Command duration or timeout: 3.53 seconds
For documentation on this error, please visit: http://seleniumhq.org/exceptions/no_such_element.html
Build info: version: &#039;2.32.0&#039;, revision: &#039;6c40c18&#039;, time: &#039;2013-04-09 17:22:56&#039;
System info: os.name: &#039;Windows 7&#039;, os.arch: &#039;x86&#039;, os.version: &#039;6.1&#039;, java.version: &#039;1.6.0_37&#039;
Session ID: 14bfba03-234e-4616-b442-6791bf52d32b
Driver info: org.openqa.selenium.firefox.FirefoxDriver
Capabilities [{platform=XP, acceptSslCerts=true, javascriptEnabled=true, browserName=firefox, rotatable=false, locationContextEnabled=true, version=20.0.1, cssSelectorsEnabled=true, databaseEnabled=true, handlesAlerts=true, browserConnectionEnabled=true, nativeEvents=true, webStorageEnabled=true, applicationCacheEnabled=true, takesScreenshot=true}] &lt;b&gt;Caused by: &lt;/b&gt;org.openqa.selenium.remote.ErrorHandler$UnknownServerException: Unable to locate element: {&quot;method&quot;:&quot;name&quot;,&quot;selector&quot;:&quot;reserveFlights&quot;}
Build info: version: &#039;2.32.0&#039;, revision: &#039;6c40c18&#039;, time: &#039;2013-04-09 17:22:56&#039;
System info: os.name: &#039;Windows 7&#039;, os.arch: &#039;x86&#039;, os.version: &#039;6.1&#039;, java.version: &#039;1.6.0_37&#039;
Driver info: driver.version: unknown">
      <![CDATA[java.lang.AssertionError: Unable to locate element: {"method":"name","selector":"reserveFlights"}
Command duration or timeout: 3.53 seconds
For documentation on this error, please visit: http://seleniumhq.org/exceptions/no_such_element.html
Build info: version: '2.32.0', revision: '6c40c18', time: '2013-04-09 17:22:56'
System info: os.name: 'Windows 7', os.arch: 'x86', os.version: '6.1', java.version: '1.6.0_37'
Session ID: 14bfba03-234e-4616-b442-6791bf52d32b
Driver info: org.openqa.selenium.firefox.FirefoxDriver
Capabilities [{platform=XP, acceptSslCerts=true, javascriptEnabled=true, browserName=firefox, rotatable=false, locationContextEnabled=true, version=20.0.1, cssSelectorsEnabled=true, databaseEnabled=true, handlesAlerts=true, browserConnectionEnabled=true, nativeEvents=true, webStorageEnabled=true, applicationCacheEnabled=true, takesScreenshot=true}] <b>Caused by: </b>org.openqa.selenium.remote.ErrorHandler$UnknownServerException: Unable to locate element: {"method":"name","selector":"reserveFlights"}
Build info: version: '2.32.0', revision: '6c40c18', time: '2013-04-09 17:22:56'
System info: os.name: 'Windows 7', os.arch: 'x86', os.version: '6.1', java.version: '1.6.0_37'
Driver info: driver.version: unknown
	at org.testng.Assert.fail(Assert.java:94)
	at supportlibraries.DriverScript.wrapUp(DriverScript.java:549)
	at supportlibraries.DriverScript.driveTestExecution(DriverScript.java:100)
	at testscripts.scenario2.TC4.runTC4(TC4.java:25)
	at sun.reflect.NativeMethodAccessorImpl.invoke0(Native Method)
	at sun.reflect.NativeMethodAccessorImpl.invoke(Unknown Source)
	at sun.reflect.DelegatingMethodAccessorImpl.invoke(Unknown Source)
	at java.lang.reflect.Method.invoke(Unknown Source)
	at org.testng.internal.MethodInvocationHelper.invokeMethod(MethodInvocationHelper.java:80)
	at org.testng.internal.Invoker.invokeMethod(Invoker.java:714)
	at org.testng.internal.Invoker.invokeTestMethod(Invoker.java:901)
	at org.testng.internal.Invoker.invokeTestMethods(Invoker.java:1231)
	at org.testng.internal.TestMethodWorker.invokeTestMethods(TestMethodWorker.java:128)
	at org.testng.internal.TestMethodWorker.run(TestMethodWorker.java:111)
	at java.util.concurrent.ThreadPoolExecutor$Worker.runTask(Unknown Source)
	at java.util.concurrent.ThreadPoolExecutor$Worker.run(Unknown Source)
	at java.lang.Thread.run(Unknown Source)
]]>
    </error>
  </testcase> <!-- runTC4 -->
</testsuite> <!-- testscripts.scenario2.TC4 -->
